   150.00000000000000             1000
   300.00000000000000             1000
   450.00000000000000             1000
   600.00000000000000             1000
   750.00000000000000             1000
   900.00000000000000             1000
   1050.0000000000000             1000
   1200.0000000000000             1000
   1350.0000000000000             1000
   1500.0000000000000             1000
   1650.0000000000000             1000
   1800.0000000000000             1000
   1950.0000000000000             1000
   2100.0000000000000             1000
   2250.0000000000000             1000
   2400.0000000000000             1000
   2550.0000000000000             1000
   2700.0000000000000             1000
   2850.0000000000000             1000
   3000.0000000000000             1000
