   75.000000000000000             1000
   225.00000000000000             1000
   375.00000000000000             1000
   525.00000000000000             1000
   675.00000000000000             1000
   825.00000000000000             1000
   975.00000000000000             1000
   1125.0000000000000             1000
   1275.0000000000000             1000
   1425.0000000000000             1000
   1575.0000000000000             1000
   1725.0000000000000             1000
   1875.0000000000000             1000
   2025.0000000000000             1000
   2175.0000000000000             1000
   2325.0000000000000             1000
   2475.0000000000000             1000
   2625.0000000000000             1000
   2775.0000000000000             1000
   2925.0000000000000             1000
