   1.6094379124341003        3.9318256327243257     
   2.3025850929940459        5.0751738152338266     
   2.7080502011022101        5.7868973813667077     
   2.9957322735539909        6.2952660014396464     
   3.2188758248682006        6.6398758338265358     
   3.4011973816621555        6.9392539460415081     
   3.5553480614894135        7.1754897136242217     
   3.6888794541139363        7.3746290152189449     
   3.8066624897703196        7.5730172560525464     
   3.9120230054281460        7.7501841622578365     
   4.0073331852324712        7.9412955709065320     
   4.0943445622221004        8.1056094022998959     
   4.1743872698956368        8.2659073341557470     
   4.2484952420493594        8.3941211938262423     
   4.3174881135363101        8.5081524467640879     
   4.3820266346738812        8.6190274972975054     
   4.4426512564903167        8.7163718652766153     
   4.4998096703302650        8.8119501775399804     
   4.5538768916005408        8.9000036089595955     
   4.6051701859880918        8.9767676251714335     
   4.6539603501575231        9.0372956519624381     
   4.7004803657924166        9.0906555290302027     
   4.7449321283632502        9.1380922077685582     
   4.7874917427820458        9.1852276711611083     
   4.8283137373023015        9.2178123868148845     
   4.8675344504555822        9.2483103032278109     
   4.9052747784384296        9.2708708717162143     
   4.9416424226093039        9.2895211698506248     
