   1.6094379124341003        4.1108738641733114     
   2.3025850929940459        4.9836066217083363     
   2.7080502011022101        5.6801726090170677     
   2.9957322735539909        6.1717005974109149     
   3.2188758248682006        6.5381398237676702     
   3.4011973816621555        6.8752320872765766     
   3.5553480614894135        7.1436176027041212     
   3.6888794541139363        7.3808790355641163     
   3.8066624897703196        7.6177595766085053     
   3.9120230054281460        7.8148034294893591     
   4.0073331852324712        7.9738443759446866     
   4.0943445622221004        8.1414810414574212     
   4.1743872698956368        8.2890370982784827     
   4.2484952420493594        8.4120548732929326     
   4.3174881135363101        8.5053230188457505     
   4.3820266346738812        8.5967434701742462     
   4.4426512564903167        8.6906421697065941     
   4.4998096703302650        8.7670176213117781     
   4.5538768916005408        8.8331711330228657     
   4.6051701859880918        8.8954926314516332     
   4.6539603501575231        8.9485859215343169     
   4.7004803657924166        8.9920599763279601     
   4.7449321283632502        9.0297772681970923     
   4.7874917427820458        9.0724566646127958     
   4.8283137373023015        9.1075321519945014     
   4.8675344504555822        9.1412046331413208     
   4.9052747784384296        9.1686846967073503     
   4.9416424226093039        9.1862525764470924     
