   1.6094379124341003        3.6635616461296463     
   2.3025850929940459        5.0689042022202315     
   2.7080502011022101        5.7071102647488754     
   2.9957322735539909        6.2146080984221914     
   3.2188758248682006        6.6656837177824082     
   3.4011973816621555        6.9763480704477487     
   3.5553480614894135        7.2470805845857562     
   3.6888794541139363        7.4633630455200208     
   3.8066624897703196        7.6666902000800858     
   3.9120230054281460        7.8320141805054693     
   4.0073331852324712        7.9949695226978772     
   4.0943445622221004        8.1341742721379031     
   4.1743872698956368        8.2741020022923308     
   4.2484952420493594        8.3950255574420307     
   4.3174881135363101        8.5123816344190146     
   4.3820266346738812        8.6188468451427376     
   4.4426512564903167        8.7269677749914933     
   4.4998096703302650        8.8206993992149041     
   4.5538768916005408        8.8828080549244408     
   4.6051701859880918        8.9459841248278984     
   4.6539603501575231        9.0177260256967955     
   4.7004803657924166        9.0846637638881802     
   4.7449321283632502        9.1488904096599608     
   4.7874917427820458        9.1994816286413066     
   4.8283137373023015        9.2422265608385050     
   4.8675344504555822        9.2669097234640763     
   4.9052747784384296        9.2823819248411539     
   4.9416424226093039        9.3016425303829688     
