 0110001110011000000111101010000001111110000100100000110101011010010110001001101010110010101111110000
 0110101010011011110100110100111101000010110000001110111010111100001110100001110101110001011000010111
 1111010100011110011000111000100110011001110111101011101101100101101011001101011011010100111011001101
 0001101001010010011010101010000110011001011100110110111111100011110111001110111111101000101111001111
 0101110000100000011101010100110110011000110100111111100000101010011101001011100000110010011001001001
 1011010110001111010110101000111110011010111000100000101110010100010110000110101110110000011000000000
 0111101110101001101111010010100010011101101010001110011010001001001110110111011011110111011011111110
 0100111011010001111001100001001000010111110100101010011100100000001011111101111110011101111110000010
 0000101111100101001001101100000011001100011000010100010100001111100110000111000010010111000010111000
 1110011000100010000001111101111011001101011011001001001001101000100110110101011000001101011001101011
 0010011010001000111101000111001111001110111111000000000001110010000111111010111011101110111001110110
 1000011100100010100110010101001001001011100001011111111101010000110100001101101110111011101001011110
 0011010100001001000110001010000000000110101100110000000110100110111001101111111011101110110000110011
 0011101001100000010110100100111111110111011100110111110111000111101001111000001110111011110110110011
 0010110001101111001111000000100000011101110100111100011101010100110001001011101011101110011111110011
 0001110101111001001001011110001111010111011000100101010110101000110100000110110110111010010000010011
 0101011011001000000000110010101001101101111010000010101111010010111001110111111111101100000111000011
 1010111111000011111110110001010001111111001100111001011001100001101001011100000000111101110101011011
 1101100001011010000011110100100101000001001100101000111001101101110000110101111110100111011010111110
 1111101100111100111010011000000010011100001100010010101001111111010110111011000011000101111101100011
 0000111100100100101100011011111000010101101101000001010001000001101111101111011011010011000111101010
 1110100100000000011101011110001011001011111110011100100100011101111000111001111111100011010100110100
 1011000001111111010110110010100111000110000010010100000001010111001010101001000000101011101000111000
 0111011101000001101111110001000101010110111000001001111100101101000101010000011110010110110010101010
 0101110110011101111000010100010010101111101011100001000100011110010010100111010010001111110001010100
 0011011110010111001011001001000001011000110110101100010001010010000001000101100000101000010100101001
 0011110010001101000111000000011100111010111111011101000100100000111100010011101110010011001000010000
 1010010000101110010101011111010100101101100001110110010000001110100101000010111010000011000011000111
 1100000110011010001010110001101000011111101101011110000111101011000010011001101100111011011011010100
 1101110110011100100101110101110011010000111110110010110100110111011000011001111100101111111111101000
 1111011110010100000011011011010011100110100011110001111000111101111011011001000100011000000000110010
 1001110010001001111011111111100010100111001010010101001010100111001111111000010001011011111110110001
 1001010000100001001110000000101001000101000100001010000101000101001000001011000100111110000011110101
 1000100110001100001010111110010000010010010001100100110010010010000011100111010000100010111010011011
 1010000110101101100101100010000111000000000101100000110000000000111010100101100110001001101100011110
 0100110111011111100011101000110101011111110011101110110111111110101101000011100110100001111101010011
 1000111101110000101010110010111010110000010010111011111100000011011110011010100111001101000110100011
 1010100111010110010101110001101101110111000001101110000101111011110010011101000101001110010111001010
 0101000101101110001011010101111111011101011101111010110011001110010000010110010010001010001101000101
 1010010011111010100111101011000001110110110111001101110011001010000111001110000000100100101110010010
 0100000010001101000100110111011101011111111101001111010011000100110101001010111110000000011010000001
 1001111000101110010000111101110110110000000110001001100011010000111010000101100010111111011100111100
 0001001010011010000110100111011111110111110110100001101011100110101100110011101001100001110100100100
 1100000100011100110111000101110000011100011111001101110110100111011100110010110001101101011000000001
 0101110001010100111101010011010111010101010001001111011111000101110100110001110101111110111011111101
 1011010100101000100110100011101101101010100100001001110001010011011000110101011011000011101110000110
 0111101000010010000111001010111111110101000001100001010100100011111010111010111111011010111010110111
 1100110011000000110101000101100000011010011101101100101000001010001101101101100001111101101101111101
 0100110011011110111010010011101111011100010111111100010011100100101111111111101101000111111111000111
 1000110011110011101100000010111001110101001100000101000010100000011000000000111110010100000001010101
 1010110010010010111101111001101001011010001101110010011001001111011011111110100010001001111100101011
 1101110000000001100111001001110000111100101111010000011000001001111110000011001000100001000100010110
 1111010111111101100101000001010110100100011001100111011011100001000010111011000010001100010001001111
 0001101100000111100010011100101111000001011001100101111110101100011001101111011000101101000100001000
 1101111101110100101000010100011001011100111001100011000011011101011001111001111010011110010001100011
 0111000111011000010011001001011000110100101001101011011011110110111001001001001100010010000101101010
 0101010101111011000011000000111010111000010001110111111110011111101000000000001101000000110011110100
 0010101011001111011011011110101101101011000101011100000010010000110011111111101110011110110010011001
 0001010111001001111111110011011111110111010010110101111000000110110010000000111010010011110000011000
 1100101101000001000000010011110000011101100001111011001011110111110000111110101100000010010111011011
 0100011110011100011111000010010111010111101101001111000110011100010110100011011101111000001101111110
 0001010010010101010001011000001101101100111110001001010110010101001111001011110111001011101111000010
 1100100000001010100100111011101111111100100010100000101110001010001001000110011101000110111001011000
 1100001111100101000000101110111000000100001001001110011010100100100000010110010110010111101000111010
 1101101000100010011110011011101011110001100000001010011101000000001111001110001110001100110010101101
 0111110010001000010010011110110110010101101111100100010110011111101001001010101010101100110001011111
 1100010000100011000000010011111110001011111000100001001110010000110000000101010101011100110100110001
 0101000110001011011111000010000010100110001010001100001010000110110111110010101010110100111000110101
 1010010110100111110001011000111001000110100100101101100100110111111100010001010101111000101010111010
 0100001111000100010100111010101000010111000000011111100000111100000101000100101011001010010101101101
 1001101001010001001000101101010011001101011111010000101110100101110010010000010111000100001011111110
 0001110000100100000010011110100011001110110001100110011011000011010000000111001101010001100110000011
 0101010110000001111000010011001011001011110101100110011111011011100111110101001110100101100110111011
 1010101110111101001011000011000111000110011011100110010001111110100100011010001011000011100111101111
 1101011011100110000111011011010101010110011110100110000101000011000001011100100111011010100100111000
 1110111110100110110101111111101010101110010011000110110010011011011100110100000101111101000000101010
 1011100011000111111011000000110101011010000011010111110000011111110100111001110011000110011110010101
 1110101011010100001111011110111010111100111011101100010111010000011000101001010011010110010010001011
 0011010111101001101001110011101101100100101110111101001101100111011010010000100011101110000000100110
 1011101100110001110001010010111111100000011011100110001111100101111100000110001010111010111110000110
 0110111100110101010100100001100000101111011110100110101000100011000101110110100101101101100010110111
 1111100100111010101000001101101110011001110011000111010010001011010011011111000011111111101001111101
 0000100000101101010011101111111010011001010011010101100000100111100011110001011010000000110001000111
 0110001110011110100010111000001100011000100011101011101110000100101010010100111100111110110100010101
 1110101010010011001001101011101101011010001010110110111010110000010100001000100100100011111001001010
 1011010100000011000001110110111110111100100101111111101101110111001001100010000000001010001000000101
 1111101001111011011101011111100011100100000011000000111111011101000001101000111111100100100011110011
 0000110001001111110110110000101010100001111011011110100001110110011101110010100000100000001010010010
 1110110100001000011111110110010101001101001111110011001101011110010111010001001110001111100100000000
 1011111001100011010000011110001010001110001000010011001110110010001101100100001010101000100001111110
 0110001001101011100111010010100100101010100011000011001011110000101111100001100101010010001101000011
 1110100001110110100101100001000000010101001011011011000110010110011000101101100010100000101110011011
 0011001101011111000011101100011111001010000111111111010110001110011010011111101001001110011010011110
 1011001110110001011010111101010001000100110100000001101110101010011100010000110000001010011100010010
 0111001011110100111101100110100100010000111001111101111011010100010101000110110111100100010101000001
 1101000110011000100111100111000001000110101001000111001111101001001010010111111100100001001010011100
 1110010110011010000100100101011100010111010000010101001000110000000100001100000100001100000100010100
 1010001110011100110000000010110101001101100111001010000010110111110001101101110001101101110001001000
 0100101010010100110111111001111010001111100101000100111001111100010101111111010101111111010100000010
 0000010100001000111100001001001100101000100010010000101001000101001011000001101011000001101001111000
