 0110001110011000000111101010000001111110000100100000110101011010010110001001101010110010101111110000
 0110001110011000000111110100000001111110000000000000111010111100001110000001110101110001011111110000
 0110001110011000000111111000000001111110000000000000111101111100001110000001111011110000111111110000
 0110001110011000000111111000000001111110000000000000111111111100001110000001111111110000111111110000
 0110001110011000000111111000000001111110000000000000111111111100001110000001111111110000111111110000
 0110001110011000000111111000000001111110000000000000111111111100001110000001111111110000111111110000
 0110001110011000000111111000000001111110000000000000111111111100001110000001111111110000111111110000
 0110001110011000000111111000000001111110000000000000111111111100001110000001111111110000111111110000
 0110001110011000000111111000000001111110000000000000111111111100001110000001111111110000111111110000
 0110001110011000000111111000000001111110000000000000111111111100001110000001111111110000111111110000
 0110001110011000000111111000000001111110000000000000111111111100001110000001111111110000111111110000
 0110001110011000000111111000000001111110000000000000111111111100001110000001111111110000111111110000
 0110001110011000000111111000000001111110000000000000111111111100001110000001111111110000111111110000
 0110001110011000000111111000000001111110000000000000111111111100001110000001111111110000111111110000
 0110001110011000000111111000000001111110000000000000111111111100001110000001111111110000111111110000
 0110001110011000000111111000000001111110000000000000111111111100001110000001111111110000111111110000
 0110001110011000000111111000000001111110000000000000111111111100001110000001111111110000111111110000
 0110001110011000000111111000000001111110000000000000111111111100001110000001111111110000111111110000
 0110001110011000000111111000000001111110000000000000111111111100001110000001111111110000111111110000
 0110001110011000000111111000000001111110000000000000111111111100001110000001111111110000111111110000
 0110001110011000000111111000000001111110000000000000111111111100001110000001111111110000111111110000
 0110001110011000000111111000000001111110000000000000111111111100001110000001111111110000111111110000
 0110001110011000000111111000000001111110000000000000111111111100001110000001111111110000111111110000
 0110001110011000000111111000000001111110000000000000111111111100001110000001111111110000111111110000
 0110001110011000000111111000000001111110000000000000111111111100001110000001111111110000111111110000
 0110001110011000000111111000000001111110000000000000111111111100001110000001111111110000111111110000
 0110001110011000000111111000000001111110000000000000111111111100001110000001111111110000111111110000
 0110001110011000000111111000000001111110000000000000111111111100001110000001111111110000111111110000
 0110001110011000000111111000000001111110000000000000111111111100001110000001111111110000111111110000
 0110001110011000000111111000000001111110000000000000111111111100001110000001111111110000111111110000
 0110001110011000000111111000000001111110000000000000111111111100001110000001111111110000111111110000
 0110001110011000000111111000000001111110000000000000111111111100001110000001111111110000111111110000
 0110001110011000000111111000000001111110000000000000111111111100001110000001111111110000111111110000
 0110001110011000000111111000000001111110000000000000111111111100001110000001111111110000111111110000
 0110001110011000000111111000000001111110000000000000111111111100001110000001111111110000111111110000
 0110001110011000000111111000000001111110000000000000111111111100001110000001111111110000111111110000
 0110001110011000000111111000000001111110000000000000111111111100001110000001111111110000111111110000
 0110001110011000000111111000000001111110000000000000111111111100001110000001111111110000111111110000
 0110001110011000000111111000000001111110000000000000111111111100001110000001111111110000111111110000
 0110001110011000000111111000000001111110000000000000111111111100001110000001111111110000111111110000
 0110001110011000000111111000000001111110000000000000111111111100001110000001111111110000111111110000
 0110001110011000000111111000000001111110000000000000111111111100001110000001111111110000111111110000
 0110001110011000000111111000000001111110000000000000111111111100001110000001111111110000111111110000
 0110001110011000000111111000000001111110000000000000111111111100001110000001111111110000111111110000
 0110001110011000000111111000000001111110000000000000111111111100001110000001111111110000111111110000
 0110001110011000000111111000000001111110000000000000111111111100001110000001111111110000111111110000
 0110001110011000000111111000000001111110000000000000111111111100001110000001111111110000111111110000
 0110001110011000000111111000000001111110000000000000111111111100001110000001111111110000111111110000
 0110001110011000000111111000000001111110000000000000111111111100001110000001111111110000111111110000
 0110001110011000000111111000000001111110000000000000111111111100001110000001111111110000111111110000
 0110001110011000000111111000000001111110000000000000111111111100001110000001111111110000111111110000
 0110001110011000000111111000000001111110000000000000111111111100001110000001111111110000111111110000
 0110001110011000000111111000000001111110000000000000111111111100001110000001111111110000111111110000
 0110001110011000000111111000000001111110000000000000111111111100001110000001111111110000111111110000
 0110001110011000000111111000000001111110000000000000111111111100001110000001111111110000111111110000
 0110001110011000000111111000000001111110000000000000111111111100001110000001111111110000111111110000
 0110001110011000000111111000000001111110000000000000111111111100001110000001111111110000111111110000
 0110001110011000000111111000000001111110000000000000111111111100001110000001111111110000111111110000
 0110001110011000000111111000000001111110000000000000111111111100001110000001111111110000111111110000
 0110001110011000000111111000000001111110000000000000111111111100001110000001111111110000111111110000
 0110001110011000000111111000000001111110000000000000111111111100001110000001111111110000111111110000
 0110001110011000000111111000000001111110000000000000111111111100001110000001111111110000111111110000
 0110001110011000000111111000000001111110000000000000111111111100001110000001111111110000111111110000
 0110001110011000000111111000000001111110000000000000111111111100001110000001111111110000111111110000
 0110001110011000000111111000000001111110000000000000111111111100001110000001111111110000111111110000
 0110001110011000000111111000000001111110000000000000111111111100001110000001111111110000111111110000
 0110001110011000000111111000000001111110000000000000111111111100001110000001111111110000111111110000
 0110001110011000000111111000000001111110000000000000111111111100001110000001111111110000111111110000
 0110001110011000000111111000000001111110000000000000111111111100001110000001111111110000111111110000
 0110001110011000000111111000000001111110000000000000111111111100001110000001111111110000111111110000
 0110001110011000000111111000000001111110000000000000111111111100001110000001111111110000111111110000
 0110001110011000000111111000000001111110000000000000111111111100001110000001111111110000111111110000
 0110001110011000000111111000000001111110000000000000111111111100001110000001111111110000111111110000
 0110001110011000000111111000000001111110000000000000111111111100001110000001111111110000111111110000
 0110001110011000000111111000000001111110000000000000111111111100001110000001111111110000111111110000
 0110001110011000000111111000000001111110000000000000111111111100001110000001111111110000111111110000
 0110001110011000000111111000000001111110000000000000111111111100001110000001111111110000111111110000
 0110001110011000000111111000000001111110000000000000111111111100001110000001111111110000111111110000
 0110001110011000000111111000000001111110000000000000111111111100001110000001111111110000111111110000
 0110001110011000000111111000000001111110000000000000111111111100001110000001111111110000111111110000
 0110001110011000000111111000000001111110000000000000111111111100001110000001111111110000111111110000
 0110001110011000000111111000000001111110000000000000111111111100001110000001111111110000111111110000
 0110001110011000000111111000000001111110000000000000111111111100001110000001111111110000111111110000
 0110001110011000000111111000000001111110000000000000111111111100001110000001111111110000111111110000
 0110001110011000000111111000000001111110000000000000111111111100001110000001111111110000111111110000
 0110001110011000000111111000000001111110000000000000111111111100001110000001111111110000111111110000
 0110001110011000000111111000000001111110000000000000111111111100001110000001111111110000111111110000
 0110001110011000000111111000000001111110000000000000111111111100001110000001111111110000111111110000
 0110001110011000000111111000000001111110000000000000111111111100001110000001111111110000111111110000
 0110001110011000000111111000000001111110000000000000111111111100001110000001111111110000111111110000
 0110001110011000000111111000000001111110000000000000111111111100001110000001111111110000111111110000
 0110001110011000000111111000000001111110000000000000111111111100001110000001111111110000111111110000
 0110001110011000000111111000000001111110000000000000111111111100001110000001111111110000111111110000
 0110001110011000000111111000000001111110000000000000111111111100001110000001111111110000111111110000
 0110001110011000000111111000000001111110000000000000111111111100001110000001111111110000111111110000
 0110001110011000000111111000000001111110000000000000111111111100001110000001111111110000111111110000
 0110001110011000000111111000000001111110000000000000111111111100001110000001111111110000111111110000
 0110001110011000000111111000000001111110000000000000111111111100001110000001111111110000111111110000
 0110001110011000000111111000000001111110000000000000111111111100001110000001111111110000111111110000
 0110001110011000000111111000000001111110000000000000111111111100001110000001111111110000111111110000
