 0110001110011000000111101010000001111110000100100000110101011010010110001001101010110010101111110000
 0000100100000011110011000000111100111100110000001110000000000000000000100000000000000000000111100111
 0110000001111001100000011110011000011000000111100100111111111111111110001111111111111111110011000010
 0000111100110000001111001100000011000011110011000000011111111111111100100111111111111111100000011000
 1110011000000111100110000001111000011001100000011111001111111111111000000011111111111111001111000011
 1100000011110011000000111100110011000000001111001110000111111111110011111001111111111110000110011001
 1001111001100000011110011000000000011111100110000100110011111111100001110000111111111100110000000000
 0000110000001111001100000011111111001111000000110000000001111111001100100110011111111000000111111110
 1110000111100110000001111001111110000110011110000111111100111110000000000000001111110011110011111100
 0100110011000000111100110000111100110000001100110011111000011100111111111111100111100001100001111000
 0000000000011110011000000110011000000111100000000001110011001000011111111111000011001100001100110011
 0111111111001100000011110000000011110011001111111100100000000011001111111110011000000001100000000000
 0011111110000001111001100111111001100000000111111000001111111000000111111100000011111100001111111111
 0001111100111100110000000011110000001111110011110011100111110011110011111001111001111001100111111110
 1100111000011000000111111001100111100111100001100001000011100001100001110000110000110000000011111100
 0000010011000011110011110000000011000011001100001100011001001100001100100110000110000111111001111000
 1111000000011001100001100111111000011000000001100001000000000001100000000000110000110011110000110011
 1110011111000000001100000011110011000011111100001100011111111100001111111110000110000001100110000001
 1100001110011111100001111001100000011001111001100001001111111001100111111100110000111100000000111100
 0001100100001111001100110000001111000000110000001100000111110000000011111000000110011001111110011000
 1100000001100110000000000111100110011110000111100001110011100111111001110011110000000000111100000011
 1001111100000000111111110011000000001100110011001100100001000011110000100001100111111110011001111001
 0000111001111110011111100000011111100000000000000000001100011001100110001100000011111100000000110000
 1110010000111100001111001111001111001111111111111111100001000000000000100001111001111001111110000111
 1100000110011001100110000110000110000111111111111111001100011111111110001100110000110000111100110011
 1001110000000000000000110000110000110011111111111110000001001111111100100000000110000110011000000001
 0000100111111111111110000110000110000001111111111100111100000111111000001111110000110000000011111100
 1110000011111111111100110000110000111100111111111000011001110011110011100111100110000111111001111001
 1100111001111111111000000110000110011000011111110011000000100001100001000011000000110011110000110000
 0000010000111111110011110000110000000011001111100000011110001100001100011000011110000001100110000110
 1111000110011111100001100110000111111000000111001111001100100001100001000011001100111100000000110000
 0110010000001111001100000000110011110011110010000110000000001100001100011000000000011001111110000110
 0000000111100110000001111110000001100001100000110000111111100001100001000011111111000000111100110000
 1111110011000000111100111100111100001100001110000110011111001100001100011001111110011110011000000111
 1111100000011110011000011000011001100001100100110000001110000001100001000000111100001100000011110011
 1111001111001100000011000011000000001100000000000111100100111100001100011110011001100001111001100001
 1110000110000001111000011000011111100001111111110011000000011001100001001100000000001100110000001100
 0100110000111100110011000011001111001100111111100000011111000000001100000001111111100000000111100000
 0000000110011000000000011000000110000000011111001111001110011111100001111100111111001111110011001111
 0111110000000011111111000011110000111111001110000110000100001111001100111000011110000111100000000110
 0011100111111001111110011001100110011110000100110000110001100110000000010011001100110011001111110000
 1001000011110000111100000000000000001100110000000110000100000000111111000000000000000000000111100111
 0000011001100110011001111111111111100000000111110000110001111110011110011111111111111111110011000011
 0111000000000000000000111111111111001111110011100110000100111100001100001111111111111111100000011000
 0010011111111111111110011111111110000111100001000000110000011001100001100111111111111111001111000011
 0000001111111111111100001111111100110011001100011110000111000000001100000011111111111110000110011000
 1111100111111111111001100111111000000000000001001100110010011111100001111001111111111100110000000011
 1111000011111111110000000011110011111111111100000000000000001111001100110000111111111000000111111001
 1110011001111111100111111001100001111111111001111111111111100110000000000110011111110011110011110000
 0100000000111111000011110000001100111111110000111111111111000000111111110000001111100001100001100110
 0001111110011110011001100111100000011111100110011111111110011110011111100111100111001100001100000000
 1100111100001100000000000011001111001111000000001111111100001100001111000011000010000001100001111111
 1000011001100001111111111000000110000110011111100111111001100001100110011000011000111100001100111111
 0011000000001100111111110011110000110000001111000011110000001100000000000011000010011001100000011111
 0000011111100000011111100001100110000111100110011001100111100001111111111000011000000000001111001110
 1111001111001111001111001100000000110011000000000000000011001100111111110011000011111111100110000100
 0110000110000110000110000001111110000000011111111111111000000000011111100000011001111111000000110000
 0000110000110000110000111100111100111111001111111111110011111111001111001111000000111110011110000111
 0110000110000110000110011000011000011110000111111111100001111110000110000110011110011100001100110010
 0000110000110000110000000011000011001100110011111111001100111100110000110000001100001001100000000000
 1110000110000110000111111000011000000000000001111110000000011000000110000111100001100000001111111111
 1100110000110000110011110011000011111111111100111100111111000011110000110011001100001111100111111111
 1000000110000110000001100000011001111111111000011000011110011001100110000000000001100111000011111111
 0011110000110000111100001111000000111111110011000011001100000000000000111111111100000010011001111111
 0001100110000110011001100110011110011111100000011000000001111111111110011111111001111000000000111110
 1100000000110000000000000000001100001111001111000011111100111111111100001111110000110011111110011100
 0001111110000111111111111111100001100110000110011001111000011111111001100111100110000001111100001000
 1100111100110011111111111111001100000000110000000000110011001111110000000011000000111100111001100011
 1000011000000001111111111110000001111110000111111110000000000111100111111000011110011000010000001001
 0011000011111100111111111100111100111100110011111100111111110011000011110011001100000011000111100000
 1000011001111000011111111000011000011000000001111000011111100000011001100000000001111000010011001111
 0011000000110011001111110011000011000011111100110011001111001111000000001111111100110011000000000111
 0000011110000000000111100000011000011001111000000000000110000110011111100111111000000000011111110010
 1111001100111111110011001111000011000000110011111111110000110000001111000011110011111111001111100000
 0110000000011111100000000110011000011110000001111111100110000111100110011001100001111110000111001110
 0000111111001111001111110000000011001100111100111111000000110011000000000000001100111100110010000100
 1110011110000110000111100111111000000000011000011110011110000000011111111111100000011000000000110001
 1100001100110000110011000011110011111111000011001100001100111111001111111111001111000011111110000100
 0001100000000110000000011001100001111110011000000001100000011110000111111110000110011001111100110000
 1100001111110000111111000000001100111100000011111100001111001100110011111100110000000000111000000111
 1001100111100110011110011111100000011001111001111001100110000000000001111000000111111110010011110011
 0000000011000000001100001111001111000000110000110000000000111111111100110011110011111100000001100001
 0111111000011111100001100110000110011110000110000111111110011111111000000001100001111001111100001100
 0011110011001111001100000000110000001100110000110011111100001111110011111100001100110000111001100001
 0001100000000110000001111110000111100000000110000001111001100111100001111001100000000110010000001100
 1100001111110000111100111100110011001111110000111100110000000011001100110000001111110000000111100001
 1001100111100110011000011000000000000111100110011000000111111000000000000111100111100111110011001100
 0000000011000000000011000011111111110011000000000011110011110011111111110011000011000011100000000000
 1111111000011111111000011001111111100000011111111001100001100001111111100000011000011001001111111111
 1111110011001111110011000000111111001111001111110000001100001100111111001111000011000000000111111111
 1111100000000111100000011110011110000110000111100111100001100000011110000110011000011111110011111111
 1111001111110011001111001100001100110000110011000011001100001111001100110000000011001111100001111111
 1110000111100000000110000001100000000110000000011000000001100110000000000111111000000111001100111111
 1100110011001111110000111100001111110000111111000011111100000000111111110011110011110010000000011111
 1000000000000111100110011001100111100110011110011001111001111110011111100001100001100000111111001111
 0011111111110011000000000000000011000000001100000000110000111100001111001100001100001110011110000111
 0001111111100000011111111111111000011111100001111110000110011001100110000001100001100100001100110010
 1100111111001111001111111111110011001111001100111100110000000000000000111100001100000001100000000000
 0000011110000110000111111111100000000110000000011000000111111111111110011001100001111100001111111110
 1111001100110000110011111111001111110000111111000011110011111111111100000000001100111001100111111100
