 0110001110011000000111101010000001111110000100100000110101011010010110001001101010110010101111110000
 1001110001100111111000010101111110000001111011011111001010100101101001110110010101001101010000001111
 0110001110011000000111101010000001111110000100100000110101011010010110001001101010110010101111110000
 1001110001100111111000010101111110000001111011011111001010100101101001110110010101001101010000001111
 0110001110011000000111101010000001111110000100100000110101011010010110001001101010110010101111110000
 1001110001100111111000010101111110000001111011011111001010100101101001110110010101001101010000001111
 0110001110011000000111101010000001111110000100100000110101011010010110001001101010110010101111110000
 1001110001100111111000010101111110000001111011011111001010100101101001110110010101001101010000001111
 0110001110011000000111101010000001111110000100100000110101011010010110001001101010110010101111110000
 1001110001100111111000010101111110000001111011011111001010100101101001110110010101001101010000001111
 0110001110011000000111101010000001111110000100100000110101011010010110001001101010110010101111110000
 1001110001100111111000010101111110000001111011011111001010100101101001110110010101001101010000001111
 0110001110011000000111101010000001111110000100100000110101011010010110001001101010110010101111110000
 1001110001100111111000010101111110000001111011011111001010100101101001110110010101001101010000001111
 0110001110011000000111101010000001111110000100100000110101011010010110001001101010110010101111110000
 1001110001100111111000010101111110000001111011011111001010100101101001110110010101001101010000001111
 0110001110011000000111101010000001111110000100100000110101011010010110001001101010110010101111110000
 1001110001100111111000010101111110000001111011011111001010100101101001110110010101001101010000001111
 0110001110011000000111101010000001111110000100100000110101011010010110001001101010110010101111110000
 1001110001100111111000010101111110000001111011011111001010100101101001110110010101001101010000001111
 0110001110011000000111101010000001111110000100100000110101011010010110001001101010110010101111110000
 1001110001100111111000010101111110000001111011011111001010100101101001110110010101001101010000001111
 0110001110011000000111101010000001111110000100100000110101011010010110001001101010110010101111110000
 1001110001100111111000010101111110000001111011011111001010100101101001110110010101001101010000001111
 0110001110011000000111101010000001111110000100100000110101011010010110001001101010110010101111110000
 1001110001100111111000010101111110000001111011011111001010100101101001110110010101001101010000001111
 0110001110011000000111101010000001111110000100100000110101011010010110001001101010110010101111110000
 1001110001100111111000010101111110000001111011011111001010100101101001110110010101001101010000001111
 0110001110011000000111101010000001111110000100100000110101011010010110001001101010110010101111110000
 1001110001100111111000010101111110000001111011011111001010100101101001110110010101001101010000001111
 0110001110011000000111101010000001111110000100100000110101011010010110001001101010110010101111110000
 1001110001100111111000010101111110000001111011011111001010100101101001110110010101001101010000001111
 0110001110011000000111101010000001111110000100100000110101011010010110001001101010110010101111110000
 1001110001100111111000010101111110000001111011011111001010100101101001110110010101001101010000001111
 0110001110011000000111101010000001111110000100100000110101011010010110001001101010110010101111110000
 1001110001100111111000010101111110000001111011011111001010100101101001110110010101001101010000001111
 0110001110011000000111101010000001111110000100100000110101011010010110001001101010110010101111110000
 1001110001100111111000010101111110000001111011011111001010100101101001110110010101001101010000001111
 0110001110011000000111101010000001111110000100100000110101011010010110001001101010110010101111110000
 1001110001100111111000010101111110000001111011011111001010100101101001110110010101001101010000001111
 0110001110011000000111101010000001111110000100100000110101011010010110001001101010110010101111110000
 1001110001100111111000010101111110000001111011011111001010100101101001110110010101001101010000001111
 0110001110011000000111101010000001111110000100100000110101011010010110001001101010110010101111110000
 1001110001100111111000010101111110000001111011011111001010100101101001110110010101001101010000001111
 0110001110011000000111101010000001111110000100100000110101011010010110001001101010110010101111110000
 1001110001100111111000010101111110000001111011011111001010100101101001110110010101001101010000001111
 0110001110011000000111101010000001111110000100100000110101011010010110001001101010110010101111110000
 1001110001100111111000010101111110000001111011011111001010100101101001110110010101001101010000001111
 0110001110011000000111101010000001111110000100100000110101011010010110001001101010110010101111110000
 1001110001100111111000010101111110000001111011011111001010100101101001110110010101001101010000001111
 0110001110011000000111101010000001111110000100100000110101011010010110001001101010110010101111110000
 1001110001100111111000010101111110000001111011011111001010100101101001110110010101001101010000001111
 0110001110011000000111101010000001111110000100100000110101011010010110001001101010110010101111110000
 1001110001100111111000010101111110000001111011011111001010100101101001110110010101001101010000001111
 0110001110011000000111101010000001111110000100100000110101011010010110001001101010110010101111110000
 1001110001100111111000010101111110000001111011011111001010100101101001110110010101001101010000001111
 0110001110011000000111101010000001111110000100100000110101011010010110001001101010110010101111110000
 1001110001100111111000010101111110000001111011011111001010100101101001110110010101001101010000001111
 0110001110011000000111101010000001111110000100100000110101011010010110001001101010110010101111110000
 1001110001100111111000010101111110000001111011011111001010100101101001110110010101001101010000001111
 0110001110011000000111101010000001111110000100100000110101011010010110001001101010110010101111110000
 1001110001100111111000010101111110000001111011011111001010100101101001110110010101001101010000001111
 0110001110011000000111101010000001111110000100100000110101011010010110001001101010110010101111110000
 1001110001100111111000010101111110000001111011011111001010100101101001110110010101001101010000001111
 0110001110011000000111101010000001111110000100100000110101011010010110001001101010110010101111110000
 1001110001100111111000010101111110000001111011011111001010100101101001110110010101001101010000001111
 0110001110011000000111101010000001111110000100100000110101011010010110001001101010110010101111110000
 1001110001100111111000010101111110000001111011011111001010100101101001110110010101001101010000001111
 0110001110011000000111101010000001111110000100100000110101011010010110001001101010110010101111110000
 1001110001100111111000010101111110000001111011011111001010100101101001110110010101001101010000001111
 0110001110011000000111101010000001111110000100100000110101011010010110001001101010110010101111110000
 1001110001100111111000010101111110000001111011011111001010100101101001110110010101001101010000001111
 0110001110011000000111101010000001111110000100100000110101011010010110001001101010110010101111110000
 1001110001100111111000010101111110000001111011011111001010100101101001110110010101001101010000001111
 0110001110011000000111101010000001111110000100100000110101011010010110001001101010110010101111110000
 1001110001100111111000010101111110000001111011011111001010100101101001110110010101001101010000001111
 0110001110011000000111101010000001111110000100100000110101011010010110001001101010110010101111110000
 1001110001100111111000010101111110000001111011011111001010100101101001110110010101001101010000001111
 0110001110011000000111101010000001111110000100100000110101011010010110001001101010110010101111110000
 1001110001100111111000010101111110000001111011011111001010100101101001110110010101001101010000001111
 0110001110011000000111101010000001111110000100100000110101011010010110001001101010110010101111110000
 1001110001100111111000010101111110000001111011011111001010100101101001110110010101001101010000001111
 0110001110011000000111101010000001111110000100100000110101011010010110001001101010110010101111110000
 1001110001100111111000010101111110000001111011011111001010100101101001110110010101001101010000001111
 0110001110011000000111101010000001111110000100100000110101011010010110001001101010110010101111110000
 1001110001100111111000010101111110000001111011011111001010100101101001110110010101001101010000001111
 0110001110011000000111101010000001111110000100100000110101011010010110001001101010110010101111110000
 1001110001100111111000010101111110000001111011011111001010100101101001110110010101001101010000001111
 0110001110011000000111101010000001111110000100100000110101011010010110001001101010110010101111110000
 1001110001100111111000010101111110000001111011011111001010100101101001110110010101001101010000001111
 0110001110011000000111101010000001111110000100100000110101011010010110001001101010110010101111110000
 1001110001100111111000010101111110000001111011011111001010100101101001110110010101001101010000001111
 0110001110011000000111101010000001111110000100100000110101011010010110001001101010110010101111110000
 1001110001100111111000010101111110000001111011011111001010100101101001110110010101001101010000001111
 0110001110011000000111101010000001111110000100100000110101011010010110001001101010110010101111110000
 1001110001100111111000010101111110000001111011011111001010100101101001110110010101001101010000001111
 0110001110011000000111101010000001111110000100100000110101011010010110001001101010110010101111110000
 1001110001100111111000010101111110000001111011011111001010100101101001110110010101001101010000001111
 0110001110011000000111101010000001111110000100100000110101011010010110001001101010110010101111110000
 1001110001100111111000010101111110000001111011011111001010100101101001110110010101001101010000001111
