 0110001110011000000111101010000001111110000100100000110101011010010110001001101010110010101111110000
 1111011111111100001111111111000011111111001111110001111111111111111111011111111111111111111111111000
 1111111111111110011111111111100111111111111111111011111111111111111111111111111111111111111111111101
 1111111111111111111111111111111111111111111111111111111111111111111111111111111111111111111111111111
 1111111111111111111111111111111111111111111111111111111111111111111111111111111111111111111111111111
 1111111111111111111111111111111111111111111111111111111111111111111111111111111111111111111111111111
 1111111111111111111111111111111111111111111111111111111111111111111111111111111111111111111111111111
 1111111111111111111111111111111111111111111111111111111111111111111111111111111111111111111111111111
 1111111111111111111111111111111111111111111111111111111111111111111111111111111111111111111111111111
 1111111111111111111111111111111111111111111111111111111111111111111111111111111111111111111111111111
 1111111111111111111111111111111111111111111111111111111111111111111111111111111111111111111111111111
 1111111111111111111111111111111111111111111111111111111111111111111111111111111111111111111111111111
 1111111111111111111111111111111111111111111111111111111111111111111111111111111111111111111111111111
 1111111111111111111111111111111111111111111111111111111111111111111111111111111111111111111111111111
 1111111111111111111111111111111111111111111111111111111111111111111111111111111111111111111111111111
 1111111111111111111111111111111111111111111111111111111111111111111111111111111111111111111111111111
 1111111111111111111111111111111111111111111111111111111111111111111111111111111111111111111111111111
 1111111111111111111111111111111111111111111111111111111111111111111111111111111111111111111111111111
 1111111111111111111111111111111111111111111111111111111111111111111111111111111111111111111111111111
 1111111111111111111111111111111111111111111111111111111111111111111111111111111111111111111111111111
 1111111111111111111111111111111111111111111111111111111111111111111111111111111111111111111111111111
 1111111111111111111111111111111111111111111111111111111111111111111111111111111111111111111111111111
 1111111111111111111111111111111111111111111111111111111111111111111111111111111111111111111111111111
 1111111111111111111111111111111111111111111111111111111111111111111111111111111111111111111111111111
 1111111111111111111111111111111111111111111111111111111111111111111111111111111111111111111111111111
 1111111111111111111111111111111111111111111111111111111111111111111111111111111111111111111111111111
 1111111111111111111111111111111111111111111111111111111111111111111111111111111111111111111111111111
 1111111111111111111111111111111111111111111111111111111111111111111111111111111111111111111111111111
 1111111111111111111111111111111111111111111111111111111111111111111111111111111111111111111111111111
 1111111111111111111111111111111111111111111111111111111111111111111111111111111111111111111111111111
 1111111111111111111111111111111111111111111111111111111111111111111111111111111111111111111111111111
 1111111111111111111111111111111111111111111111111111111111111111111111111111111111111111111111111111
 1111111111111111111111111111111111111111111111111111111111111111111111111111111111111111111111111111
 1111111111111111111111111111111111111111111111111111111111111111111111111111111111111111111111111111
 1111111111111111111111111111111111111111111111111111111111111111111111111111111111111111111111111111
 1111111111111111111111111111111111111111111111111111111111111111111111111111111111111111111111111111
 1111111111111111111111111111111111111111111111111111111111111111111111111111111111111111111111111111
 1111111111111111111111111111111111111111111111111111111111111111111111111111111111111111111111111111
 1111111111111111111111111111111111111111111111111111111111111111111111111111111111111111111111111111
 1111111111111111111111111111111111111111111111111111111111111111111111111111111111111111111111111111
 1111111111111111111111111111111111111111111111111111111111111111111111111111111111111111111111111111
 1111111111111111111111111111111111111111111111111111111111111111111111111111111111111111111111111111
 1111111111111111111111111111111111111111111111111111111111111111111111111111111111111111111111111111
 1111111111111111111111111111111111111111111111111111111111111111111111111111111111111111111111111111
 1111111111111111111111111111111111111111111111111111111111111111111111111111111111111111111111111111
 1111111111111111111111111111111111111111111111111111111111111111111111111111111111111111111111111111
 1111111111111111111111111111111111111111111111111111111111111111111111111111111111111111111111111111
 1111111111111111111111111111111111111111111111111111111111111111111111111111111111111111111111111111
 1111111111111111111111111111111111111111111111111111111111111111111111111111111111111111111111111111
 1111111111111111111111111111111111111111111111111111111111111111111111111111111111111111111111111111
 1111111111111111111111111111111111111111111111111111111111111111111111111111111111111111111111111111
 1111111111111111111111111111111111111111111111111111111111111111111111111111111111111111111111111111
 1111111111111111111111111111111111111111111111111111111111111111111111111111111111111111111111111111
 1111111111111111111111111111111111111111111111111111111111111111111111111111111111111111111111111111
 1111111111111111111111111111111111111111111111111111111111111111111111111111111111111111111111111111
 1111111111111111111111111111111111111111111111111111111111111111111111111111111111111111111111111111
 1111111111111111111111111111111111111111111111111111111111111111111111111111111111111111111111111111
 1111111111111111111111111111111111111111111111111111111111111111111111111111111111111111111111111111
 1111111111111111111111111111111111111111111111111111111111111111111111111111111111111111111111111111
 1111111111111111111111111111111111111111111111111111111111111111111111111111111111111111111111111111
 1111111111111111111111111111111111111111111111111111111111111111111111111111111111111111111111111111
 1111111111111111111111111111111111111111111111111111111111111111111111111111111111111111111111111111
 1111111111111111111111111111111111111111111111111111111111111111111111111111111111111111111111111111
 1111111111111111111111111111111111111111111111111111111111111111111111111111111111111111111111111111
 1111111111111111111111111111111111111111111111111111111111111111111111111111111111111111111111111111
 1111111111111111111111111111111111111111111111111111111111111111111111111111111111111111111111111111
 1111111111111111111111111111111111111111111111111111111111111111111111111111111111111111111111111111
 1111111111111111111111111111111111111111111111111111111111111111111111111111111111111111111111111111
 1111111111111111111111111111111111111111111111111111111111111111111111111111111111111111111111111111
 1111111111111111111111111111111111111111111111111111111111111111111111111111111111111111111111111111
 1111111111111111111111111111111111111111111111111111111111111111111111111111111111111111111111111111
 1111111111111111111111111111111111111111111111111111111111111111111111111111111111111111111111111111
 1111111111111111111111111111111111111111111111111111111111111111111111111111111111111111111111111111
 1111111111111111111111111111111111111111111111111111111111111111111111111111111111111111111111111111
 1111111111111111111111111111111111111111111111111111111111111111111111111111111111111111111111111111
 1111111111111111111111111111111111111111111111111111111111111111111111111111111111111111111111111111
 1111111111111111111111111111111111111111111111111111111111111111111111111111111111111111111111111111
 1111111111111111111111111111111111111111111111111111111111111111111111111111111111111111111111111111
 1111111111111111111111111111111111111111111111111111111111111111111111111111111111111111111111111111
 1111111111111111111111111111111111111111111111111111111111111111111111111111111111111111111111111111
 1111111111111111111111111111111111111111111111111111111111111111111111111111111111111111111111111111
 1111111111111111111111111111111111111111111111111111111111111111111111111111111111111111111111111111
 1111111111111111111111111111111111111111111111111111111111111111111111111111111111111111111111111111
 1111111111111111111111111111111111111111111111111111111111111111111111111111111111111111111111111111
 1111111111111111111111111111111111111111111111111111111111111111111111111111111111111111111111111111
 1111111111111111111111111111111111111111111111111111111111111111111111111111111111111111111111111111
 1111111111111111111111111111111111111111111111111111111111111111111111111111111111111111111111111111
 1111111111111111111111111111111111111111111111111111111111111111111111111111111111111111111111111111
 1111111111111111111111111111111111111111111111111111111111111111111111111111111111111111111111111111
 1111111111111111111111111111111111111111111111111111111111111111111111111111111111111111111111111111
 1111111111111111111111111111111111111111111111111111111111111111111111111111111111111111111111111111
 1111111111111111111111111111111111111111111111111111111111111111111111111111111111111111111111111111
 1111111111111111111111111111111111111111111111111111111111111111111111111111111111111111111111111111
 1111111111111111111111111111111111111111111111111111111111111111111111111111111111111111111111111111
 1111111111111111111111111111111111111111111111111111111111111111111111111111111111111111111111111111
 1111111111111111111111111111111111111111111111111111111111111111111111111111111111111111111111111111
 1111111111111111111111111111111111111111111111111111111111111111111111111111111111111111111111111111
 1111111111111111111111111111111111111111111111111111111111111111111111111111111111111111111111111111
 1111111111111111111111111111111111111111111111111111111111111111111111111111111111111111111111111111
 1111111111111111111111111111111111111111111111111111111111111111111111111111111111111111111111111111
