 0110001110011000000111101010000001111110000100100000110101011010010110001001101010110010101111110000
 0110101010011011110100100000111101000010110000001110110000011000000110100001100000110000001000010111
 0110000000011010010000001110100100011000110111101010110111011011110110001101101110110111100011000101
 0110111111011000000111101010000001011010110100100000110101011010010110101101101010110100101011010000
 0110100001011011110100100000111100011000110000001110110000011000000110001101100000110000000011000111
 0110001100011010010000001110100101011010110111101010110111011011110110101101101110110111111011010101
 0110101101011000000111101010000000011000110100100000110101011010010110001101101010110100001011000000
 0110001100011011110100100000111111011010110000001110110000011000000110101101100000110001100011011111
 0110101101011010010000001110100001011000110111101010110111011011110110001101101110110101101011010001
 0110001100011000000111101010001100011010110100100000110101011010010110101101101010110001100011000100
 0110101101011011110100100000101101011000110000001110110000011000000110001101100000110101101011010001
 0110001100011010010000001110001100011010110111101010110111011011110110101101101110110001100011000100
 0110101101011000000111101010101101011000110100100000110101011010010110001101101010110101101011010001
 0110001100011011110100100000001100011010110000001110110000011000000110101101100000110001100011000100
 0110101101011010010000001111101101011000110111101010110111011011110110001101101110110101101011010001
 0110001100011000000111101000101100011010110100100000110101011010010110101101101010110001100011000100
 0110101101011011110100100010001101011000110000001110110000011000000110001101100000110101101011010001
 0110001100011010010000001000101100011010110111101010110111011011110110101101101110110001100011000100
 0110101101011000000111100010001101011000110100100000110101011010010110001101101010110101101011010001
 0110001100011011110100101000101100011010110000001110110000011000000110101101100000110001100011000100
 0110101101011010010000000010001101011000110111101010110111011011110110001101101110110101101011010001
 0110001100011000000111111000101100011010110100100000110101011010010110101101101010110001100011000100
 0110101101011011110100001010001101011000110000001110110000011000000110001101100000110101101011010001
 0110001100011010010001100000101100011010110111101010110111011011110110101101101110110001100011000100
 0110101101011000000101101110001101011000110100100000110101011010010110001101101010110101101011010001
 0110001100011011110001101010101100011010110000001110110000011000000110101101100000110001100011000100
 0110101101011010010101100000001101011000110111101010110111011011110110001101101110110101101011010001
 0110001100011000000001101111101100011010110100100000110101011010010110101101101010110001100011000100
 0110101101011011111101101000101101011000110000001110110000011000000110001101100000110101101011010001
 0110001100011010000101100010001100011010110111101010110111011011110110101101101110110001100011000100
 0110101101011000110001101000101101011000110100100000110101011010010110001101101010110101101011010001
 0110001100011010110101100010001100011010110000001110110000011000000110101101100000110001100011000100
 0110101101011000110001101000101101011000110111101010110111011011110110001101101110110101101011010001
 0110001100011010110101100010001100011010110100100000110101011010010110101101101010110001100011000100
 0110101101011000110001101000101101011000110000001110110000011000000110001101100000110101101011010001
 0110001100011010110101100010001100011010110111101010110111011011110110101101101110110001100011000100
 0110101101011000110001101000101101011000110100100000110101011010010110001101101010110101101011010001
 0110001100011010110101100010001100011010110000001110110000011000000110101101100000110001100011000100
 0110101101011000110001101000101101011000110111101010110111011011110110001101101110110101101011010001
 0110001100011010110101100010001100011010110100100000110101011010010110101101101010110001100011000100
 0110101101011000110001101000101101011000110000001110110000011000000110001101100000110101101011010001
 0110001100011010110101100010001100011010110111101010110111011011110110101101101110110001100011000100
 0110101101011000110001101000101101011000110100100000110101011010010110001101101010110101101011010001
 0110001100011010110101100010001100011010110000001110110000011000000110101101100000110001100011000100
 0110101101011000110001101000101101011000110111101010110111011011110110001101101110110101101011010001
 0110001100011010110101100010001100011010110100100000110101011010010110101101101010110001100011000100
 0110101101011000110001101000101101011000110000001110110000011000000110001101100000110101101011010001
 0110001100011010110101100010001100011010110111101010110111011011110110101101101110110001100011000100
 0110101101011000110001101000101101011000110100100000110101011010010110001101101010110101101011010001
 0110001100011010110101100010001100011010110000001110110000011000000110101101100000110001100011000100
 0110101101011000110001101000101101011000110111101010110111011011110110001101101110110101101011010001
 0110001100011010110101100010001100011010110100100000110101011010010110101101101010110001100011000100
 0110101101011000110001101000101101011000110000001110110000011000000110001101100000110101101011010001
 0110001100011010110101100010001100011010110111101010110111011011110110101101101110110001100011000100
 0110101101011000110001101000101101011000110100100000110101011010010110001101101010110101101011010001
 0110001100011010110101100010001100011010110000001110110000011000000110101101100000110001100011000100
 0110101101011000110001101000101101011000110111101010110111011011110110001101101110110101101011010001
 0110001100011010110101100010001100011010110100100000110101011010010110101101101010110001100011000100
 0110101101011000110001101000101101011000110000001110110000011000000110001101100000110101101011010001
 0110001100011010110101100010001100011010110111101010110111011011110110101101101110110001100011000100
 0110101101011000110001101000101101011000110100100000110101011010010110001101101010110101101011010001
 0110001100011010110101100010001100011010110000001110110000011000000110101101100000110001100011000100
 0110101101011000110001101000101101011000110111101010110111011011110110001101101110110101101011010001
 0110001100011010110101100010001100011010110100100000110101011010010110101101101010110001100011000100
 0110101101011000110001101000101101011000110000001110110000011000000110001101100000110101101011010001
 0110001100011010110101100010001100011010110111101010110111011011110110101101101110110001100011000100
 0110101101011000110001101000101101011000110100100000110101011010010110001101101010110101101011010001
 0110001100011010110101100010001100011010110000001110110000011000000110101101100000110001100011000100
 0110101101011000110001101000101101011000110111101010110111011011110110001101101110110101101011010001
 0110001100011010110101100010001100011010110100100000110101011010010110101101101010110001100011000100
 0110101101011000110001101000101101011000110000001110110000011000000110001101100000110101101011010001
 0110001100011010110101100010001100011010110111101010110111011011110110101101101110110001100011000100
 0110101101011000110001101000101101011000110100100000110101011010010110001101101010110101101011010001
 0110001100011010110101100010001100011010110000001110110000011000000110101101100000110001100011000100
 0110101101011000110001101000101101011000110111101010110111011011110110001101101110110101101011010001
 0110001100011010110101100010001100011010110100100000110101011010010110101101101010110001100011000100
 0110101101011000110001101000101101011000110000001110110000011000000110001101100000110101101011010001
 0110001100011010110101100010001100011010110111101010110111011011110110101101101110110001100011000100
 0110101101011000110001101000101101011000110100100000110101011010010110001101101010110101101011010001
 0110001100011010110101100010001100011010110000001110110000011000000110101101100000110001100011000100
 0110101101011000110001101000101101011000110111101010110111011011110110001101101110110101101011010001
 0110001100011010110101100010001100011010110100100000110101011010010110101101101010110001100011000100
 0110101101011000110001101000101101011000110000001110110000011000000110001101100000110101101011010001
 0110001100011010110101100010001100011010110111101010110111011011110110101101101110110001100011000100
 0110101101011000110001101000101101011000110100100000110101011010010110001101101010110101101011010001
 0110001100011010110101100010001100011010110000001110110000011000000110101101100000110001100011000100
 0110101101011000110001101000101101011000110111101010110111011011110110001101101110110101101011010001
 0110001100011010110101100010001100011010110100100000110101011010010110101101101010110001100011000100
 0110101101011000110001101000101101011000110000001110110000011000000110001101100000110101101011010001
 0110001100011010110101100010001100011010110111101010110111011011110110101101101110110001100011000100
 0110101101011000110001101000101101011000110100100000110101011010010110001101101010110101101011010001
 0110001100011010110101100010001100011010110000001110110000011000000110101101100000110001100011000100
 0110101101011000110001101000101101011000110111101010110111011011110110001101101110110101101011010001
 0110001100011010110101100010001100011010110100100000110101011010010110101101101010110001100011000100
 0110101101011000110001101000101101011000110000001110110000011000000110001101100000110101101011010001
 0110001100011010110101100010001100011010110111101010110111011011110110101101101110110001100011000100
 0110101101011000110001101000101101011000110100100000110101011010010110001101101010110101101011010001
 0110001100011010110101100010001100011010110000001110110000011000000110101101100000110001100011000100
 0110101101011000110001101000101101011000110111101010110111011011110110001101101110110101101011010001
 0110001100011010110101100010001100011010110100100000110101011010010110101101101010110001100011000100
