   1.6094379124341003        3.7841896339182610     
   2.3025850929940459        4.9052747784384296     
   2.7080502011022101        5.5373342670185366     
   2.9957322735539909        6.0137151560428022     
   3.2188758248682006        6.3561076606958915     
   3.4011973816621555        6.6160651851328174     
   3.5553480614894135        6.8243736700430864     
   3.6888794541139363        6.9295167707636498     
   3.8066624897703196        7.0707241072602764     
   3.9120230054281460        7.2269360184932889     
   4.0073331852324712        7.3639135014058192     
   4.0943445622221004        7.4894120835087188     
   4.1743872698956368        7.6103576183128379     
   4.2484952420493594        7.7484600238996970     
   4.3174881135363101        7.8686368941841671     
   4.3820266346738812        7.9522633086570460     
   4.4426512564903167        8.0255163864890076     
   4.4998096703302650        8.0928510275383836     
   4.5538768916005408        8.1701856528796419     
   4.6051701859880918        8.2623009417874478     
   4.6539603501575231        8.3490111981760027     
   4.7004803657924166        8.4456971897111668     
   4.7449321283632502        8.5165930113442059     
   4.7874917427820458        8.5842909349487311     
   4.8283137373023015        8.6522484224091016     
   4.8675344504555822        8.7112786151304338     
   4.9052747784384296        8.7715252841864650     
   4.9416424226093039        8.8350649350310757     
   4.9767337424205742        8.8991849433387600     
   5.0106352940962555        8.9609811738435603     
   5.0434251169192468        9.0302563101224198     
   5.0751738152338266        9.0997439506341564     
   5.1059454739005803        9.1574668823691141     
   5.1357984370502621        9.2262137211324724     
   5.1647859739235145        9.2799597138562397     
   5.1929568508902104        9.3219711881473675     
   5.2203558250783244        9.3721190275388082     
   5.2470240721604862        9.4234335874368913     
   5.2729995585637468        9.4717811332227360     
   5.2983173665480363        9.5271199752516598     
   5.3230099791384085        9.5677350568392647     
   5.3471075307174685        9.6117305220423166     
   5.3706380281276624        9.6503357229811702     
   5.3936275463523620        9.6974469091215809     
   5.4161004022044201        9.7422031548079726     
   5.4380793089231956        9.7871784301357447     
   5.4595855141441589        9.8306480063591710     
   5.4806389233419912        9.8732345093651066     
   5.5012582105447274        9.9146252969465838     
   5.5214609178622460        9.9470258545506116     
   5.5412635451584258        9.9723137434659801     
   5.5606816310155276        10.003649579435109     
   5.5797298259862220        10.032715950543913     
   5.5984219589983750        10.065903976780419     
   5.6167710976665717        10.102666226396506     
   5.6347896031692493        10.141519716344089     
   5.6524891802686508        10.189681017561449     
   5.6698809229805196        10.227127810341964     
   5.6869753563398202        10.259237068398360     
   5.7037824746562009        10.288681923801933     
   5.7203117766074119        10.312280450736967     
   5.7365722974791922        10.336243520880195     
   5.7525726388256331        10.363251434051671     
   5.7683209957937720        10.392435597782802     
   5.7838251823297373        10.422221820370160     
   5.7990926544605257        10.453139580956790     
   5.8141305318250662        10.482709870110469     
   5.8289456176102075        10.511267458374771     
   5.8435444170313602        10.540699100765771     
   5.8579331544834590        10.572213958554391     
   5.8721177894754160        10.606287990124212     
   5.8861040314501558        10.638064542859214     
   5.8998973535824915        10.664270016810953     
   5.9135030056382698        10.692808176544730     
   5.9269260259704106        10.720245200685072     
   5.9401712527204316        10.746820419859958     
   5.9532433342877846        10.770041672500454     
   5.9661467391236922        10.792304307409529     
   5.9788857649011220        10.813418101257600     
   5.9914645471079817        10.831568505784759     
   6.0038870671065387        10.849356503939038     
   6.0161571596983539        10.869177786705050     
   6.0282785202306979        10.886539333900952     
   6.0402547112774139        10.906891322898874     
   6.0520891689244172        10.927986740832239     
   6.0637852086876078        10.948364972106267     
   6.0753460310886842        10.969542213644063     
   6.0867747269123065        10.989065258933778     
   6.0980742821662401        11.008777495957478     
   6.1092475827643655        11.027751343506385     
   6.1202974189509503        11.045414725890183     
   6.1312264894831410        11.063022457831494     
   6.1420374055873559        11.080849405435773     
   6.1527326947041043        11.098137029401180     
   6.1633148040346413        11.114535270534025     
   6.1737861039019366        11.131884640772588     
   6.1841488909374833        11.148823005202699     
   6.1944053911046719        11.167204591251192     
   6.2045577625686903        11.187444601288197     
   6.2146080984221914        11.205720726029584     
   6.2245584292753602        11.220083436144821     
   6.2344107257183712        11.234308843532059     
   6.2441669006637364        11.247213603547241     
   6.2538288115754730        11.260906502849345     
   6.2633982625916236        11.274287492697370     
   6.2728770065461674        11.286187963145803     
   6.2822667468960063        11.298531028288266     
   6.2915691395583204        11.311665707156022     
   6.3007857946632440        11.323119973266529     
   6.3099182782265162        11.335101777578686     
   6.3189681137464344        11.347508221769042     
   6.3279367837291947        11.359774285476053     
   6.3368257311464413        11.371569252421466     
   6.3456363608285962        11.382919280064620     
   6.3543700407973507        11.396054513238813     
   6.3630281035404650        11.407075940878375     
   6.3716118472318568        11.416161228537758     
   6.3801225368997647        11.426844564044359     
   6.3885614055456301        11.437857031721382     
   6.3969296552161463        11.449048058581468     
   6.4052284580308418        11.459535236710686     
   6.4134589571673573        11.470852688548321     
   6.4216222678065176        11.479275605755273     
   6.4297194780391376        11.487823018409387     
   6.4377516497364011        11.496572480807457     
   6.4457198193855785        11.506313655049169     
   6.4536249988926917        11.515980792699235     
   6.4614681763537174        11.525239337091509     
   6.4692503167957724        11.534765231574685     
   6.4769723628896827        11.543600149238147     
   6.4846352356352517        11.552424985406994     
   6.4922398350204711        11.562724643722712     
   6.4997870406558542        11.573051138803406     
   6.5072777123850116        11.581798329256603     
   6.5147126908725301        11.590275319397561     
   6.5220927981701520        11.599222420154696     
   6.5294188382622256        11.607699137243760     
   6.5366915975913047        11.613575905619625     
   6.5439118455647920        11.619031702508364     
   6.5510803350434044        11.624422115983904     
   6.5581978028122689        11.628653056314199     
   6.5652649700353614        11.632919388145993     
   6.5722825426940075        11.636593372970340     
   6.5792512120101012        11.639575736893718     
   6.5861716548546747        11.642918103584087     
   6.5930445341424369        11.644804242778829     
   6.5998704992128365        11.646809295481223     
   6.6066501861982152        11.650145047851764     
   6.6133842183795597        11.653434953949743     
   6.6200732065303560        11.655916969300243     
   6.6267177492490248        11.657700905690213     
   6.6333184332803770        11.659801174829884     
   6.6398758338265358        11.662620518937089     
   6.6463905148477291        11.664779223177279     
   6.6528630293533473        11.666444516791081     
   6.6592939196836376        11.667901518368703     
   6.6656837177824082        11.669305087429624     
   6.6720329454610674        11.670877481980172     
   6.6783421146543320        11.672003983033784     
   6.6846117276679271        11.673146255769016     
   6.6908422774185636        11.673623237167268     
   6.6970342476664841        11.674261695355048     
   6.7031881132408628        11.674729639091227     
   6.7093043402582984        11.674874231956245     
   6.7153833863346808        11.675010300262745     
   6.7214257007906433        11.675137847487278     
   6.7274317248508551        11.675256876887680     
   6.7334018918373593        11.675503392727572     
   6.7393366273571740        11.675741350372235     
   6.7452363494843626        11.675851811462428     
   6.7511014689367599        11.675962260352316     
