               (42.200000412427990,0.0000000000000000)           1   0.0000000000000000        42.200000412427990        0.0000000000000000     
              (43.554757053859092,-2.4712223133856566)           2  0.12500000000000000        43.554757053859092       -2.4712223133856566     
              (48.213220786935644,-5.4830280022742235)           3  0.25000000000000000        48.213220786935644       -5.4830280022742235     
              (58.755191926096060,-10.059527064498411)           4  0.37500000000000000        58.755191926096060       -10.059527064498411     
              (85.044261151866763,-19.514025849690569)           5  0.50000000000000000        85.044261151866763       -19.514025849690569     
              (203.87664176468158,-58.866640819705331)           6  0.62500000000000000        203.87664176468158       -58.866640819705331     
              (-276.91668769154995,96.737742584329212)           7  0.75000000000000000       -276.91668769154995        96.737742584329212     
              (-72.051843265409119,29.654883804421239)           8  0.87500000000000000       -72.051843265409119        29.654883804421239     
              (-38.448514680847730,18.293556349814558)           9   1.0000000000000000       -38.448514680847730        18.293556349814558     
              (-24.915177214691475,13.513182828265297)          10   1.1250000000000000       -24.915177214691475        13.513182828265297     
              (-17.722686963697594,10.841388163957118)          11   1.2500000000000000       -17.722686963697594        10.841388163957118     
              (-13.320484656036344,9.1157922340683033)          12   1.3750000000000000       -13.320484656036344        9.1157922340683033     
              (-10.382455442690205,7.8987654541002668)          13   1.5000000000000000       -10.382455442690205        7.8987654541002668     
              (-8.3026832871586471,6.9881362193923877)          14   1.6250000000000000       -8.3026832871586471        6.9881362193923877     
              (-6.7660016157905325,6.2772841470861120)          15   1.7500000000000000       -6.7660016157905325        6.2772841470861120     
              (-5.5928582762997463,5.7044712666029751)          16   1.8750000000000000       -5.5928582762997463        5.7044712666029751     
               (195.32619773553731,5.2313659707639451)          17   2.0000000000000000        195.32619773553731        5.2313659707639451     
              (-3.9385271797789998,4.8328454373716339)          18   2.1250000000000000       -3.9385271797789998        4.8328454373716339     
              (-3.3399428387776542,4.4917163817383496)          19   2.2500000000000000       -3.3399428387776542        4.4917163817383496     
              (-2.8454115647003939,4.1957890708984777)          20   2.3750000000000000       -2.8454115647003939        4.1957890708984777     
              (-2.4316580391862059,3.9361633449863715)          21   2.5000000000000000       -2.4316580391862059        3.9361633449863715     
              (-2.0816774975842645,3.7061774936773655)          22   2.6250000000000000       -2.0816774975842645        3.7061774936773655     
              (-1.7827857037403134,3.5007382355549446)          23   2.7500000000000000       -1.7827857037403134        3.5007382355549446     
              (-1.5253489151596462,3.3158792800017234)          24   2.8750000000000000       -1.5253489151596462        3.3158792800017234     
              (-1.3019334541202472,3.1484620607864806)          25   3.0000000000000000       -1.3019334541202472        3.1484620607864806     
              (-1.1067222950116300,2.9959677274611689)          26   3.1250000000000000       -1.1067222950116300        2.9959677274611689     
             (-0.93510620268773292,2.8563493542080001)          27   3.2500000000000000      -0.93510620268773292        2.8563493542080001     
             (-0.78339172003121760,2.7279248656238764)          28   3.3750000000000000      -0.78339172003121760        2.7279248656238764     
             (-0.64858904848518772,2.6092980986469332)          29   3.5000000000000000      -0.64858904848518772        2.6092980986469332     
             (-0.52825559750196849,2.4992996892424246)          30   3.6250000000000000      -0.52825559750196849        2.4992996892424246     
             (-0.42037899108357563,2.3969421748086144)          31   3.7500000000000000      -0.42037899108357563        2.3969421748086144     
             (-0.32328847634579866,2.3013854533936660)          32   3.8750000000000000      -0.32328847634579866        2.3013854533936660     
             (-0.23558706610151151,2.2119098981830612)          33   4.0000000000000000      -0.23558706610151151        2.2119098981830612     
             (-0.15609901370838655,2.1278952055582181)          34   4.1250000000000000      -0.15609901370838655        2.1278952055582181     
        (-8.38287604370659550E-002,2.0488035897140273)          35   4.2500000000000000       -8.3828760437065955E-002   2.0488035897140273     
        (-1.79285612684404912E-002,1.9741663092824062)          36   4.3750000000000000       -1.7928561268440491E-002   1.9741663092824062     
         (4.23272580789766303E-002,1.9035727745806961)          37   4.5000000000000000        4.2327258078976630E-002   1.9035727745806961     
         (9.75629296022725440E-002,1.8366616726759204)          38   4.6250000000000000        9.7562929602272544E-002   1.8366616726759204     
              (0.14831789234642426,1.7731136841892721)          39   4.7500000000000000       0.14831789234642426        1.7731136841892721     
              (0.19506032076111990,1.7126454661038755)          40   4.8750000000000000       0.19506032076111990        1.7126454661038755     
              (0.23819818654277122,1.6550046492587878)          41   5.0000000000000000       0.23819818654277122        1.6550046492587878     
              (0.27808835727790321,1.5999656549289796)          42   5.1250000000000000       0.27808835727790321        1.5999656549289796     
              (0.31504412205330506,1.5473261770930098)          43   5.2500000000000000       0.31504412205330506        1.5473261770930098     
              (0.34934144870209705,1.4969042091153133)          44   5.3750000000000000       0.34934144870209705        1.4969042091153133     
              (0.38122421227116665,1.4485355183154904)          45   5.5000000000000000       0.38122421227116665        1.4485355183154904     
              (0.41090858437317945,1.4020714910848213)          46   5.6250000000000000       0.41090858437317945        1.4020714910848213     
              (0.43858673447190138,1.3573772861810005)          47   5.7500000000000000       0.43858673447190138        1.3573772861810005     
              (0.46442996411599202,1.3143302456232155)          48   5.8750000000000000       0.46442996411599202        1.3143302456232155     
              (0.48859137165352484,1.2728185218925219)          49   6.0000000000000000       0.48859137165352484        1.2728185218925219     
              (0.51120812637294233,1.2327398876400659)          50   6.1250000000000000       0.51120812637294233        1.2327398876400659     
              (0.53240341638239308,1.1940006999614639)          51   6.2500000000000000       0.53240341638239308        1.1940006999614639     
              (0.55228812279006068,1.1565149961826460)          52   6.3750000000000000       0.55228812279006068        1.1565149961826460     
              (0.57096226342034206,1.1202037019081752)          53   6.5000000000000000       0.57096226342034206        1.1202037019081752     
              (0.58851624169018291,1.0849939352867923)          54   6.6250000000000000       0.58851624169018291        1.0849939352867923     
              (0.60503193022347157,1.0508183940189708)          55   6.7500000000000000       0.60503193022347157        1.0508183940189708     
              (0.62058361377771876,1.0176148137628096)          56   6.8750000000000000       0.62058361377771876        1.0176148137628096     
             (0.63523881201488497,0.98532548830936184)          57   7.0000000000000000       0.63523881201488497       0.98532548830936184     
             (0.64905899932633659,0.95389684344556636)          58   7.1250000000000000       0.64905899932633659       0.95389684344556636     
             (0.66210023620961300,0.92327905749825001)          59   7.2500000000000000       0.66210023620961300       0.92327905749825001     
             (0.67441372439431235,0.89342572266814235)          60   7.3750000000000000       0.67441372439431235       0.89342572266814235     
             (0.68604629606563272,0.86429354209717324)          61   7.5000000000000000       0.68604629606563272       0.86429354209717324     
             (0.69704084599578287,0.83584205824753444)          62   7.6250000000000000       0.69704084599578287       0.83584205824753444     
             (0.70743671404933572,0.80803340886379271)          63   7.7500000000000000       0.70743671404933572       0.80803340886379271     
             (0.71727002445991372,0.78083210725803354)          64   7.8750000000000000       0.71727002445991372       0.78083210725803354     
             (0.72657398737393419,0.75420484408881494)          65   8.0000000000000000       0.72657398737393419       0.75420484408881494     
             (0.73537916734640330,0.72812030815719075)          66   8.1250000000000000       0.73537916734640330       0.72812030815719075     
             (0.74371372286269488,0.70254902413153697)          67   8.2500000000000000       0.74371372286269488       0.70254902413153697     
             (0.75160362037260109,0.67746320527603743)          68   8.3750000000000000       0.75160362037260109       0.67746320527603743     
             (0.75907282586418323,0.65283661957243677)          69   8.5000000000000000       0.75907282586418323       0.65283661957243677     
             (0.76614347661932791,0.62864446780532179)          70   8.6250000000000000       0.76614347661932791       0.62864446780532179     
             (0.77283603542117640,0.60486327230676806)          71   8.7500000000000000       0.77283603542117640       0.60486327230676806     
             (0.77916942919055088,0.58147077529548485)          72   8.8750000000000000       0.77916942919055088       0.58147077529548485     
             (0.78516117382144368,0.55844584578219614)          73   9.0000000000000000       0.78516117382144368       0.55844584578219614     
             (0.79082748670516845,0.53576839418362021)          74   9.1250000000000000       0.79082748670516845       0.53576839418362021     
             (0.79618338828041435,0.51341929387812357)          75   9.2500000000000000       0.79618338828041435       0.51341929387812357     
             (0.80124279377596541,0.49138030899280982)          76   9.3750000000000000       0.80124279377596541       0.49138030899280982     
             (0.80601859618872673,0.46963402782176467)          77   9.5000000000000000       0.80601859618872673       0.46963402782176467     
             (0.81052274137318914,0.44816380133244854)          78   9.6250000000000000       0.81052274137318914       0.44816380133244854     
             (0.81476629605583339,0.42695368623715324)          79   9.7500000000000000       0.81476629605583339       0.42695368623715324     
             (0.81875950948813636,0.40598839223922834)          80   9.8750000000000000       0.81875950948813636       0.40598839223922834     
             (0.82251186933850806,0.38525323300938996)          81   10.000000000000000       0.82251186933850806       0.38525323300938996     
             (0.82603215238872607,0.36473408056340673)          82   10.125000000000000       0.82603215238872607       0.36473408056340673     
             (0.82932847052563419,0.34441732271966097)          83   10.250000000000000       0.82932847052563419       0.34441732271966097     
             (0.83240831244762448,0.32428982332717277)          84   10.375000000000000       0.83240831244762448       0.32428982332717277     
             (0.83527858148758594,0.30433888502487266)          85   10.500000000000000       0.83527858148758594       0.30433888502487266     
             (0.83794562987346144,0.28455221426248434)          86   10.625000000000000       0.83794562987346144       0.28455221426248434     
             (0.84041528976662505,0.26491788841235037)          87   10.750000000000000       0.84041528976662505       0.26491788841235037     
             (0.84269290128435825,0.24542432470746747)          88   10.875000000000000       0.84269290128435825       0.24542432470746747     
             (0.84478333783149040,0.22606025088865184)          89   11.000000000000000       0.84478333783149040       0.22606025088865184     
             (0.84669102885225400,0.20681467734590048)          90   11.125000000000000       0.84669102885225400       0.20681467734590048     
             (0.84841998028684540,0.18767687062749344)          91   11.250000000000000       0.84841998028684540       0.18767687062749344     
             (0.84997379284183294,0.16863632815009022)          92   11.375000000000000       0.84997379284183294       0.16863632815009022     
             (0.85135567821053360,0.14968275401066020)          93   11.500000000000000       0.85135567821053360       0.14968275401066020     
             (0.85256847343730580,0.13080603573368971)          94   11.625000000000000       0.85256847343730580       0.13080603573368971     
             (0.85361465345000453,0.11199622187394040)          95   11.750000000000000       0.85361465345000453       0.11199622187394040     
        (0.85449634194103119,9.32435003496834836E-002)          96   11.875000000000000       0.85449634194103119        9.3243500349683484E-002
        (0.85521532060984107,7.45381773937380809E-002)          97   12.000000000000000       0.85521532060984107        7.4538177393738081E-002
        (0.85577303688565831,5.58706570497933402E-002)          98   12.125000000000000       0.85577303688565831        5.5870657049793340E-002
        (0.85617061016447582,3.72314210958867020E-002)          99   12.250000000000000       0.85617061016447582        3.7231421095886702E-002
        (0.85640883661419609,1.86110093113800723E-002)         100   12.375000000000000       0.85640883661419609        1.8611009311380072E-002
        (0.85648819257824271,1.90788959356873762E-013)         101   12.500000000000000       0.85648819257824271        1.9078895935687376E-013
       (0.85640883661290179,-1.86110093097491859E-002)         102   12.625000000000000       0.85640883661290179       -1.8611009309749186E-002
       (0.85617061016457141,-3.72314210966512640E-002)         103   12.750000000000000       0.85617061016457141       -3.7231421096651264E-002
       (0.85577303688548134,-5.58706570486512052E-002)         104   12.875000000000000       0.85577303688548134       -5.5870657048651205E-002
       (0.85521532060927141,-7.45381773930141045E-002)         105   13.000000000000000       0.85521532060927141       -7.4538177393014104E-002
       (0.85449634194154567,-9.32435003492677744E-002)         106   13.125000000000000       0.85449634194154567       -9.3243500349267774E-002
            (0.85361465345016485,-0.11199622187587085)         107   13.250000000000000       0.85361465345016485      -0.11199622187587085     
            (0.85256847343556275,-0.13080603573278038)         108   13.375000000000000       0.85256847343556275      -0.13080603573278038     
            (0.85135567821160174,-0.14968275400962744)         109   13.500000000000000       0.85135567821160174      -0.14968275400962744     
            (0.84997379284174812,-0.16863632815038540)         110   13.625000000000000       0.84997379284174812      -0.16863632815038540     
            (0.84841998028900378,-0.18767687062731514)         111   13.750000000000000       0.84841998028900378      -0.18767687062731514     
            (0.84669102885012659,-0.20681467734494616)         112   13.875000000000000       0.84669102885012659      -0.20681467734494616     
            (0.84478333783049941,-0.22606025088863854)         113   14.000000000000000       0.84478333783049941      -0.22606025088863854     
            (0.84269290128486474,-0.24542432470885703)         114   14.125000000000000       0.84269290128486474      -0.24542432470885703     
            (0.84041528976542612,-0.26491788841291330)         115   14.250000000000000       0.84041528976542612      -0.26491788841291330     
            (0.83794562987273580,-0.28455221426253141)         116   14.375000000000000       0.83794562987273580      -0.28455221426253141     
            (0.83527858148671508,-0.30433888502476414)         117   14.500000000000000       0.83527858148671508      -0.30433888502476414     
            (0.83240831245067770,-0.32428982332774808)         118   14.625000000000000       0.83240831245067770      -0.32428982332774808     
            (0.82932847052564462,-0.34441732272051928)         119   14.750000000000000       0.82932847052564462      -0.34441732272051928     
            (0.82603215238755689,-0.36473408056250273)         120   14.875000000000000       0.82603215238755689      -0.36473408056250273     
            (0.82251186933793097,-0.38525323300934683)         121   15.000000000000000       0.82251186933793097      -0.38525323300934683     
            (0.81875950948671472,-0.40598839224105421)         122   15.125000000000000       0.81875950948671472      -0.40598839224105421     
            (0.81476629605425221,-0.42695368623677510)         123   15.250000000000000       0.81476629605425221      -0.42695368623677510     
            (0.81052274137164837,-0.44816380133405709)         124   15.375000000000000       0.81052274137164837      -0.44816380133405709     
            (0.80601859619059146,-0.46963402782398495)         125   15.500000000000000       0.80601859619059146      -0.46963402782398495     
            (0.80124279377757068,-0.49138030899281221)         126   15.625000000000000       0.80124279377757068      -0.49138030899281221     
            (0.79618338827765989,-0.51341929387761509)         127   15.750000000000000       0.79618338827765989      -0.51341929387761509     
            (0.79082748670423353,-0.53576839418425315)         128   15.875000000000000       0.79082748670423353      -0.53576839418425315     
            (0.78516117382208706,-0.55844584578203260)         129   16.000000000000000       0.78516117382208706      -0.55844584578203260     
            (0.77916942919048104,-0.58147077529578217)         130   16.125000000000000       0.77916942919048104      -0.58147077529578217     
            (0.77283603542285295,-0.60486327230777470)         131   16.250000000000000       0.77283603542285295      -0.60486327230777470     
            (0.76614347662017013,-0.62864446780560757)         132   16.375000000000000       0.76614347662017013      -0.62864446780560757     
            (0.75907282586299352,-0.65283661957324812)         133   16.500000000000000       0.75907282586299352      -0.65283661957324812     
            (0.75160362037365080,-0.67746320527511250)         134   16.625000000000000       0.75160362037365080      -0.67746320527511250     
            (0.74371372286417536,-0.70254902413271658)         135   16.750000000000000       0.74371372286417536      -0.70254902413271658     
            (0.73537916734477682,-0.72812030815676765)         136   16.875000000000000       0.73537916734477682      -0.72812030815676765     
            (0.72657398737511625,-0.75420484408744426)         137   17.000000000000000       0.72657398737511625      -0.75420484408744426     
            (0.71727002445910981,-0.78083210725894170)         138   17.125000000000000       0.71727002445910981      -0.78083210725894170     
            (0.70743671404909758,-0.80803340886390529)         139   17.250000000000000       0.70743671404909758      -0.80803340886390529     
            (0.69704084599643834,-0.83584205824695434)         140   17.375000000000000       0.69704084599643834      -0.83584205824695434     
            (0.68604629606387990,-0.86429354209899023)         141   17.500000000000000       0.68604629606387990      -0.86429354209899023     
            (0.67441372439589520,-0.89342572266770637)         142   17.625000000000000       0.67441372439589520      -0.89342572266770637     
            (0.66210023620905267,-0.92327905749687045)         143   17.750000000000000       0.66210023620905267      -0.92327905749687045     
            (0.64905899932544242,-0.95389684344753101)         144   17.875000000000000       0.64905899932544242      -0.95389684344753101     
            (0.63523881201603905,-0.98532548830912703)         145   18.000000000000000       0.63523881201603905      -0.98532548830912703     
             (0.62058361377956506,-1.0176148137619176)         146   18.125000000000000       0.62058361377956506       -1.0176148137619176     
             (0.60503193022424240,-1.0508183940174058)         147   18.250000000000000       0.60503193022424240       -1.0508183940174058     
             (0.58851624168797367,-1.0849939352868585)         148   18.375000000000000       0.58851624168797367       -1.0849939352868585     
             (0.57096226342297374,-1.1202037019064863)         149   18.500000000000000       0.57096226342297374       -1.1202037019064863     
             (0.55228812278947881,-1.1565149961827508)         150   18.625000000000000       0.55228812278947881       -1.1565149961827508     
             (0.53240341638148125,-1.1940006999631023)         151   18.750000000000000       0.53240341638148125       -1.1940006999631023     
             (0.51120812637313418,-1.2327398876394831)         152   18.875000000000000       0.51120812637313418       -1.2327398876394831     
             (0.48859137165376176,-1.2728185218940653)         153   19.000000000000000       0.48859137165376176       -1.2728185218940653     
             (0.46442996411495580,-1.3143302456228600)         154   19.125000000000000       0.46442996411495580       -1.3143302456228600     
             (0.43858673447345609,-1.3573772861809617)         155   19.250000000000000       0.43858673447345609       -1.3573772861809617     
             (0.41090858437351302,-1.4020714910852441)         156   19.375000000000000       0.41090858437351302       -1.4020714910852441     
             (0.38122421227229558,-1.4485355183149038)         157   19.500000000000000       0.38122421227229558       -1.4485355183149038     
             (0.34934144870226463,-1.4969042091172839)         158   19.625000000000000       0.34934144870226463       -1.4969042091172839     
             (0.31504412205298893,-1.5473261770931199)         159   19.750000000000000       0.31504412205298893       -1.5473261770931199     
             (0.27808835727765757,-1.5999656549261330)         160   19.875000000000000       0.27808835727765757       -1.5999656549261330     
             (0.23819818654365915,-1.6550046492599959)         161   20.000000000000000       0.23819818654365915       -1.6550046492599959     
             (0.19506032076219779,-1.7126454661037318)         162   20.125000000000000       0.19506032076219779       -1.7126454661037318     
             (0.14831789234462522,-1.7731136841906499)         163   20.250000000000000       0.14831789234462522       -1.7731136841906499     
        (9.75629296001991053E-002,-1.8366616726760803)         164   20.375000000000000        9.7562929600199105E-002  -1.8366616726760803     
        (4.23272580793895084E-002,-1.9035727745821263)         165   20.500000000000000        4.2327258079389508E-002  -1.9035727745821263     
       (-1.79285612669631625E-002,-1.9741663092808943)         166   20.625000000000000       -1.7928561266963162E-002  -1.9741663092808943     
       (-8.38287604369911538E-002,-2.0488035897139332)         167   20.750000000000000       -8.3828760436991154E-002  -2.0488035897139332     
            (-0.15609901370507329,-2.1278952055589180)         168   20.875000000000000      -0.15609901370507329       -2.1278952055589180     
            (-0.23558706610388411,-2.2119098981866916)         169   21.000000000000000      -0.23558706610388411       -2.2119098981866916     
            (-0.32328847634642571,-2.3013854533942815)         170   21.125000000000000      -0.32328847634642571       -2.3013854533942815     
            (-0.42037899108263710,-2.3969421748085291)         171   21.250000000000000      -0.42037899108263710       -2.3969421748085291     
            (-0.52825559750154305,-2.4992996892430397)         172   21.375000000000000      -0.52825559750154305       -2.4992996892430397     
            (-0.64858904848433641,-2.6092980986470020)         173   21.500000000000000      -0.64858904848433641       -2.6092980986470020     
            (-0.78339172002997592,-2.7279248656259441)         174   21.625000000000000      -0.78339172002997592       -2.7279248656259441     
            (-0.93510620268485634,-2.8563493542079614)         175   21.750000000000000      -0.93510620268485634       -2.8563493542079614     
             (-1.1067222950097400,-2.9959677274607652)         176   21.875000000000000       -1.1067222950097400       -2.9959677274607652     
             (-1.3019334541194527,-3.1484620607868710)         177   22.000000000000000       -1.3019334541194527       -3.1484620607868710     
             (-1.5253489151585244,-3.3158792800010244)         178   22.125000000000000       -1.5253489151585244       -3.3158792800010244     
             (-1.7827857037387711,-3.5007382355554877)         179   22.250000000000000       -1.7827857037387711       -3.5007382355554877     
             (-2.0816774975834029,-3.7061774936765253)         180   22.375000000000000       -2.0816774975834029       -3.7061774936765253     
             (-2.4316580391841596,-3.9361633449853088)         181   22.500000000000000       -2.4316580391841596       -3.9361633449853088     
             (-2.8454115647017311,-4.1957890708983561)         182   22.625000000000000       -2.8454115647017311       -4.1957890708983561     
             (-3.3399428387796166,-4.4917163817411874)         183   22.750000000000000       -3.3399428387796166       -4.4917163817411874     
             (-3.9385271797757406,-4.8328454373708825)         184   22.875000000000000       -3.9385271797757406       -4.8328454373708825     
              (195.32619773553779,-5.2313659707758768)         185   23.000000000000000        195.32619773553779       -5.2313659707758768     
             (-5.5928582763049395,-5.7044712666033588)         186   23.125000000000000       -5.5928582763049395       -5.7044712666033588     
             (-6.7660016157953402,-6.2772841470892082)         187   23.250000000000000       -6.7660016157953402       -6.2772841470892082     
             (-8.3026832871569560,-6.9881362193927528)         188   23.375000000000000       -8.3026832871569560       -6.9881362193927528     
             (-10.382455442688469,-7.8987654541007295)         189   23.500000000000000       -10.382455442688469       -7.8987654541007295     
             (-13.320484656034884,-9.1157922340670154)         190   23.625000000000000       -13.320484656034884       -9.1157922340670154     
             (-17.722686963699910,-10.841388163956079)         191   23.750000000000000       -17.722686963699910       -10.841388163956079     
             (-24.915177214692001,-13.513182828263881)         192   23.875000000000000       -24.915177214692001       -13.513182828263881     
             (-38.448514680847047,-18.293556349815614)         193   24.000000000000000       -38.448514680847047       -18.293556349815614     
             (-72.051843265411406,-29.654883804424589)         194   24.125000000000000       -72.051843265411406       -29.654883804424589     
             (-276.91668769154774,-96.737742584314788)         195   24.250000000000000       -276.91668769154774       -96.737742584314788     
               (203.87664176469326,58.866640819696428)         196   24.375000000000000        203.87664176469326        58.866640819696428     
               (85.044261151867275,19.514025849684241)         197   24.500000000000000        85.044261151867275        19.514025849684241     
               (58.755191926099883,10.059527064492759)         198   24.625000000000000        58.755191926099883        10.059527064492759     
               (48.213220786934443,5.4830280022772255)         199   24.750000000000000        48.213220786934443        5.4830280022772255     
               (43.554757053858395,2.4712223133878068)         200   24.875000000000000        43.554757053858395        2.4712223133878068     
